<?xml version="1.0" encoding="UTF-8"?>
<!-- Generated by org.testng.reporters.JUnitReportReporter -->
<testsuite hostname="WINDOWS-SCVSMII" name="com.raghu.selenium.MavenWebDriverGoogleSearch.WhenSearchingForDrupalUsingGoogleTest" tests="1" failures="0" timestamp="28 May 2016 04:02:36 GMT" time="1.354" errors="0">
  <testcase name="pageTitleAfterSearchShouldBeginWithDrupal" time="1.354" classname="com.raghu.selenium.MavenWebDriverGoogleSearch.WhenSearchingForDrupalUsingGoogleTest"/>
</testsuite> <!-- com.raghu.selenium.MavenWebDriverGoogleSearch.WhenSearchingForDrupalUsingGoogleTest -->
